episode;reward;average
1;-316.00783509681924;-316.00783509681924
2;-348.8384126126766;-332.4231238547479
3;-499.6546195211568;-388.1669557435509
4;-333.15252197188534;-374.4133473006345
5;-226.43592754083795;-344.8178633486752
6;-241.8904833136507;-327.66330000950444
7;-222.87585364524443;-312.6936648146102
8;-283.97234050166094;-309.10349927549146
9;247.77078854308905;-247.22857840676028
10;-303.68544927658013;-252.87426549374226
11;-305.5848254883299;-257.66613458415935
12;-549.3481695357642;-281.97297083012637
13;-121.80105753035924;-269.652054422452
14;-256.38484059431846;-268.70439629187103
15;-114.12598301312795;-258.39916873995486
16;-269.0912956248727;-259.0674266702622
17;-20.308612424166682;-245.0227905381389
18;-277.7091432537776;-246.83869902234105
19;-183.16608600044606;-243.48750886329393
20;-258.7013455504736;-244.24820069765292
21;-216.97604741959265;-242.94952673203102
22;-75.2222865616873;-235.32556126974268
23;-90.84972914854458;-229.04400335142972
24;-201.671898183203;-227.9034989694203
25;-253.47078159372313;-228.92619027439244
26;-198.4887164288729;-227.7555182034109
27;-364.7276196113291;-232.82855899629678
28;-471.2457517420084;-241.34345873721503
29;-317.07765350740874;-243.95498269480788
30;-236.260757331544;-243.6985085160324
31;-188.7096720037507;-241.92467508015235
32;-431.1747280275527;-247.83873923475866
33;-183.8129232149373;-245.8985629917338
34;-145.5284604493844;-242.94650115225292
35;-127.30921289556167;-239.64257863063315
36;-216.66150380378267;-239.00421544099845
37;-292.5706901093399;-240.45195799960229
38;-296.87447130336875;-241.93676098128034
39;147.4516561627085;-231.95244259297294
40;-96.0517410645519;-228.55492505476235
41;-21.515345020471244;-223.50517920026743
42;-72.04225521129229;-219.89891910529184
43;-42.442120432902954;-215.77201681058511
44;-230.8292983276104;-216.11422775415386
45;19.617212494632255;-210.87575130418085
46;147.37377036161303;-203.08771822448966
47;-35.145732583452016;-199.51448448744634
48;214.09057599456378;-190.89771239407114
49;-17.065805438047196;-187.35012245619308
50;210.65122280644087;-179.39009555094043
51;-179.08659215936743;-179.38414450404682
52;-243.6108750030376;-180.61927393671974
53;-56.569410558222046;-178.27871047674807
54;-217.51556934913094;-179.0053189743848
55;-566.2754182599818;-186.0465935068502
56;-394.48796639228806;-189.76876087980443
57;-263.5230311553281;-191.0626954460417
58;-72.24097736389311;-189.0140451342805
59;-105.27495445284634;-187.5947385125613
60;-485.8066489757397;-192.56493702028095
61;-351.4666699665555;-195.16988346202317
62;-186.71206525101326;-195.03346703926493
63;-636.1888902206217;-202.03593407388965
64;-572.4082015571713;-207.8230007533159
65;-590.75955052294;-213.7143322882332
66;-517.0027594926044;-218.30961148829945
67;-802.3760985474346;-227.0270217429134
68;-514.5793886716347;-231.25573302127694
69;-564.1894331821732;-236.0808591105653
70;-47.01006526816562;-233.37984776995958
71;-210.58246294560843;-233.05875784285607
72;-168.6944294253592;-232.16480883705742
73;-18.837931947548853;-229.24252285226964
74;-134.2386319609464;-227.9586864888734
75;-118.41775192144624;-226.49814069464105
76;-212.74328341818216;-226.3171557304771
77;-23.45531076507242;-223.68258631534198
78;-187.85536001849482;-223.2232629012798
79;-194.47773656796952;-222.85939547933916
80;-423.11227807786406;-225.36255651182077
81;-299.52525766857445;-226.27814541499058
82;-28.117502236307082;-223.8615522054944
83;-521.8030127624512;-227.45120835678307
84;-161.9949872478401;-226.67196762929564
85;-80.87362416618107;-224.95669300031784
86;-348.0381581479262;-226.3878728276156
87;-182.79143270466767;-225.88676432045528
88;-45.78426847309439;-223.84014504946254
89;-20.017364214300386;-221.5500014445731
90;-214.37156702613683;-221.47024106214602
91;-191.24307280228595;-221.13807437797172
92;-106.92525849968678;-219.8966307271208
93;-233.9731313962517;-220.0479909493695
94;-88.19812997332605;-218.6453328538797
95;-114.94418274423326;-217.55374180009392
96;-67.87597440864732;-215.99459838976637
97;-323.63105878756903;-217.10425262067156
98;-43.198462219913964;-215.32970373903117
99;-204.72372571043903;-215.22257264783326
100;-318.1946702881878;-216.2522936242368
101;-279.95912326000064;-215.89180650586863
102;0.55313486947081;-212.39789103104715
103;-133.30552821227684;-208.73440011795836
104;-19.15202394836561;-205.59439513772315
105;-95.71356074717086;-204.28717146978653
106;-129.37748991910897;-203.16204153584104
107;-319.00862652440935;-204.12336926463274
108;59.49947086595936;-200.68865115095653
109;-252.36792169826066;-205.69003825337003
110;-371.15720840407994;-206.36475584464503
111;-50.575742470133726;-203.81466501446306
112;270.03084953198413;-195.62087482378553
113;155.39473985789272;-192.84891684990305
114;-56.64735519041865;-190.85154199586407
115;-6.110216419398501;-189.77138432992678
116;-7.077990192654021;-187.15125127560464
117;-112.89840869816761;-188.07714923834462
118;-92.97302626169038;-186.22978806842374
119;-96.88694704038157;-185.36699667882309
120;-58.27077569466582;-183.362690980265
121;-104.20062284610698;-182.23493673453012
122;-35.37246247153844;-181.83643849362866
123;-111.26534041764064;-182.04059460631962
124;-289.21603726953026;-182.91603599718292
125;-57.807979573640395;-180.95940797698208
126;199.46223352410885;-176.97989847745225
127;-87.04597843921579;-174.2030820657311
128;48.03819928790652;-169.01024255543197
129;-277.0549576835084;-168.61001559719298
130;276.39738958991916;-163.48343412797834
131;-65.649153949168;-162.2528289474325
132;-360.9121045710149;-161.5502027128671
133;-140.84804035859216;-161.12055388430363
134;-246.50934426285875;-162.1303627224384
135;251.05930865488065;-158.346677506934
136;77.47668563049118;-155.40529561259126
137;-49.0134945394546;-152.96972365689237
138;-181.45590438594098;-151.81553798771813
139;-38.76207586796597;-153.67767530802487
140;-70.44251799695243;-153.42158307734888
141;212.081029845701;-151.08561932868713
142;21.011480863454636;-150.15508196793968
143;260.7827654445231;-147.1228331091654
144;4.669544603400965;-144.7678446798553
145;48.575353360092265;-144.4782632712007
146;167.48869887903186;-144.27711398602654
147;260.4073720656934;-141.32158293953506
148;-64.78563524447335;-144.11034505192546
149;293.1352140109244;-141.00833485743573
150;288.3809549351886;-140.23103753614828
151;87.45901910526993;-137.56558142350187
152;12.394229461120773;-135.0055303788603
153;242.95263049923102;-132.01030996828575
154;210.00769124405792;-127.73507736235386
155;-196.22287730666585;-124.0345519528207
156;201.94371215236254;-118.07023516737421
157;222.80613871394797;-113.20694346868144
158;261.30606105401193;-109.8714730845024
159;228.48563305779973;-106.53386720939592
160;159.99725900342878;-100.07582812960423
161;284.55642362458923;-93.71559719369277
162;234.18089479122526;-89.5066675932704
163;-2.8986240776245893;-83.17376493184044
164;282.8946264513986;-74.62073665175474
165;274.68500407980605;-65.96629110572727
166;257.6028637115876;-58.22023487368535
167;261.44766590590393;-47.58199722915196
168;41.08042705074723;-42.02539907192815
169;-3.282265647975608;-36.41632739658616
170;-1.7181273535978683;-35.9634080174405
171;146.52632161096838;-32.39232017187473
172;215.48132319854443;-28.55056264563569
173;258.1036582311167;-25.781146743849032
174;-150.4528560477954;-25.943288984717523
175;-30.35715046124187;-25.062682970115475
176;303.56278196424256;-19.899622316291232
177;274.6821367575268;-16.91824784106524
178;136.68532690450786;-13.672840971835218
179;256.43638632020713;-9.163699742953453
180;246.86948255628195;-2.463882136611987
181;35.4244547585281;0.8856149876590362
182;2.711380809270409;1.1939038181148138
183;209.18580747905227;8.503792020529845
184;-11.813819804266885;10.00560369496558
185;187.03079782707997;12.684647914898191
186;168.1405852270534;17.846435348647994
187;234.7788686879391;22.022138362574054
188;-51.15618365052344;21.968419210799766
189;295.93975281476486;25.127990381090417
190;-123.24589607283349;26.039247090623448
191;253.47952379634646;30.48647305660977
192;239.59790174322745;33.95170465903891
193;283.2308438899797;39.12374441190123
194;255.48013642373357;42.560527075871825
195;314.09220632796377;46.85089096659381
196;282.30350556348543;50.352685766315126
197;283.2324435289578;56.42132078948039
198;282.8979816144378;59.682285227823904
199;322.0235158778646;64.94975764370693
200;255.23991416533298;70.68410348824214
201;-19.548419615832046;73.28821052468382
202;249.88395786926588;75.78151875468178
203;257.0582609188366;79.68515664599292
204;231.8330572911294;82.19500745838786
205;5.703046887761602;83.2091735347372
206;-61.587521670162864;83.88707321722666
207;4.882611370968277;87.12598559618041
208;301.3661984566992;89.54465287208782
209;-151.44555171306504;90.55387657193978
210;-84.4786222166325;93.42066243381424
211;279.759943466186;96.72401929317745
212;270.6681976150393;96.73039277400801
213;269.5354035957662;97.87179941138675
214;233.1881119419169;100.7701540827101
215;212.83335165515538;102.95958976345564
216;255.88384716801582;105.58920813706234
217;-162.15118572959716;105.09668036674806
218;208.40190910042477;108.1104297203692
219;273.3630760385193;111.81292995115818
220;237.2314789661251;114.7679524977661
221;209.61120241008086;117.906070750328
222;229.26433077788616;120.55243868282223
223;243.94200539151092;124.10451214091374
224;-79.11191172145662;126.20555339639449
225;214.71736885598162;128.9308068806907
226;-18.932526569849145;126.74685927975113
227;255.24210094568414;130.16974007360014
228;203.67492645654127;131.72610734528647
229;-44.21842160501731;134.05447270607138
230;-281.32631922114257;128.47723561796076
231;251.76770971970447;131.6514042546495
232;-118.95853141085644;134.07093998625106
233;-72.55607407068416;134.75385964913013
234;272.4750046821349;139.9437031385801
235;194.27577189542865;139.37586777098556
236;186.62490296707068;140.46734994435138
237;220.1785963528921;143.15927085327485
238;243.2116146479483;147.40594604361374
239;2.89735797421676;147.82254038203556
240;251.71735952141364;151.0441391572192
241;-56.22762864913466;148.36105257227084
242;295.1841108926483;151.10277887256277
243;258.0231996901776;151.07518321501936
244;208.82337235704705;153.1167214925558
245;10.185399060511486;152.73282194956
246;54.54670890810299;151.60340204985073
247;281.8642926263663;151.81797125545742
248;271.5221997005509;155.18104960490766
249;11.933372379316282;152.3690311885916
250;217.1197850517023;151.65641948975673
251;193.00427891570945;152.7118720878611
252;-45.375011113627814;152.1341796821136
253;246.58766298421187;152.17053000696345
254;173.96381995601848;151.810091294083
255;-163.39166144710578;152.13840345267866
256;-95.91078972008846;149.15985843395413
257;165.55397076733445;148.587336754488
258;230.42036080849073;148.2784797520328
259;256.4081851846902;148.55770527330168
260;277.9802239815011;149.73753492308242
261;220.18961276804094;149.09386681451693
262;-28.62731186642124;146.46578474794046
263;-24.144046470764952;146.2533305240091
264;-50.12974031880887;142.923086856307
265;262.9419939406588;142.80565675491553
266;118.82916780773485;141.417919795877
267;-146.7830649837645;137.33561248698032
268;241.9576841118674;139.34438505759152
269;23.48987049339048;139.6121064190052
270;245.92698576941714;142.08855755023535
271;248.912463290856;143.11241896703422
272;217.68844284038403;143.13449016345263
273;269.3194771603024;143.24664835274444
274;256.5180577707372;147.3163574909298
275;274.29923377668945;150.36292133330912
276;257.51913014329375;149.90248481509963
277;244.92675447628056;149.60493099228714
278;261.24663845290047;150.85054410777104
279;221.47255476610863;150.50090579223007
280;131.44843054888875;149.34669527215618
281;-106.80389433054086;147.92441178126546
282;246.18583511738308;150.35915632434663
283;211.61967519809247;150.383495001537
284;-109.40245820591294;149.40760861752057
285;-55.54885187313251;146.9818121205184
286;8.48951633277909;145.38530143157567
287;299.79027862857225;146.035415530982
288;-255.20876373159945;143.99488973017122
289;-480.5521949105655;136.22997025291795
290;-414.3561562829652;133.3188676508166
291;-270.0802399891876;128.0832700129613
292;-313.1759902817134;122.55553109271186
293;-340.15428812257073;116.32167977258638
294;-245.06727444089523;111.31620566394007
295;-351.2507464612968;104.66277613604748
296;-218.81748750460588;99.65156620536656
297;-250.08271578176362;94.31841461225935
298;-150.3480867109556;89.9859539290054
299;-92.57747780911154;85.83994399213567
300;-190.7946338134791;81.37959851234754
301;-203.36895979664644;79.5413931105394
302;-253.17768805254386;74.5107766513213
303;-80.0248129696812;71.13994591243612
304;-22.003972211578706;68.60157561740903
305;-92.6207853600254;67.61833729493117
306;-2.5987824722811865;68.20822468690999
307;-78.85805942621117;67.37081797893818
308;15.833768542453031;64.51549367979572
309;198.47455241189328;68.0146947210453
310;242.49160617231814;71.2843970049348
311;-175.40213765499013;66.73277619372305
312;322.2627755396185;67.24872197296885
313;-9.238805077610085;64.46097988623507
314;-27.688489470872636;61.852213872107185
315;-28.734485682375812;59.43653549873187
316;43.14202843124926;57.309117311364204
317;258.6186102499688;61.51681527115986
318;202.19560161133396;61.454752196268956
319;-94.69290784466978;57.77419235743705
320;-2.6058253265200477;55.3758193145106
321;251.29647526268369;55.79267204303664
322;-61.28429584933716;52.88718577676441
323;260.57790755405097;53.053544798389815
324;225.69727343621537;56.10163664996652
325;98.35334449611638;54.93799640636787
326;-25.90966184472918;54.86822505361908
327;199.15598519873896;54.307363896149624
328;226.5850604588099;54.536465236172305
329;221.3450912446503;57.19210036466899
330;150.3532580838042;61.50889613771846
331;256.1088460803352;61.55230750132477
332;253.44609052791375;65.27635372071246
333;241.34602143589996;68.41537467577831
334;119.34157023996286;66.88404033135659
335;198.0384862127113;66.92166747452943
336;-106.10004495606421;63.994417995298065
337;-523.2636587915456;56.55999544385368
338;307.1043210318934;57.19892250769313
339;268.48871792455043;59.85483610719647
340;276.71955464687755;60.10485805845111
341;273.1971626659048;63.399105971601514
342;265.3293276082327;63.10055813875735
343;250.1373711367446;63.02169985322303
344;-80.25347448112242;60.13093138484134
345;226.27779642757963;62.29185535851201
346;277.60009486854153;64.5223892181164
347;228.9190012336057;63.99293630418878
348;298.5171244891183;64.26288555207445
349;-7.1978366899005835;64.0715734613823
350;199.69263224227166;63.89730193328799
351;268.54475423412805;64.65270668647219
352;68.25770387768785;65.78903383638534
353;251.07139008815238;65.83387110742474
354;295.0917394707468;67.04515030257203
355;295.10326125649703;71.63009952960805
356;249.194671090879;75.08115413771773
357;300.4349079108024;76.4299635091524
358;238.96085510660254;76.51536845213352
359;282.7809643865219;76.77909624415183
360;244.77181102556744;76.4470121145925
361;250.58975716023411;76.75101355851443
362;58.8593683278474;77.62588036045713
363;223.97981009800827;80.10711892614485
364;14.818824600627877;80.75660457533922
365;273.3273962472665;80.86045859840529
366;289.00268801942786;82.56219380052222
367;159.36063981578184;85.62363084851769
368;169.72331791643404;84.90128718656337
369;-40.39350534915976;84.26245342813785
370;272.244856154561;84.5256321319893
371;248.02523232145109;84.51675982229526
372;255.1058758477165;84.89093415236856
373;241.48503174929368;84.61258969825847
374;213.89665136950566;84.18637563424616
375;-91.68981384181004;80.52648515806118
376;214.12450229379246;80.09253887956618
377;167.98080632078626;79.32307939801122
378;-35.5750553039113;76.3548624604431
379;240.1008155432477;76.54114506821449
380;255.1732748822693;77.77839351154829
381;283.5592501354826;81.68202495620852
382;-119.56651339681905;78.0245014710665
383;236.76926805185587;78.27599739960415
384;289.81765334884864;82.26819851515177
385;289.9821792026871;85.72350882590996
386;271.98054408911537;88.35841910347331
387;285.57453456577696;88.2162616628454
388;46.105628919638065;91.22940558935774
389;-230.8824560223356;93.72610297824006
390;281.65354565247833;100.68619999759449
391;24.208875067580635;103.62909114816217
392;-6.557151253561258;106.6952795384437
393;-228.8743161310121;107.80807925835927
394;257.99654587869725;112.8387174615552
395;190.95849352119154;118.26080986138008
396;-28.518476796102775;120.16379996846509
397;286.52129968894724;125.52984012317219
398;94.36195314533907;127.97694052173514
399;228.842561017666;131.19114091000293
400;253.7584646664346;135.63667189480205
401;266.31676385988703;140.33352913136738
402;112.64123417184514;143.99171835361128
403;264.02930166374205;147.43225949994553
404;283.0332127836514;150.48263134989784
405;233.65706646089683;153.74540986810706
406;154.11098246192688;155.31250751744915
407;189.34781462424658;157.9945662579537
408;271.539902561187;160.55162759814107
409;140.99237623550476;159.97680583637717
410;230.73920914168292;159.8592818660708
411;258.0787531892754;164.19409077451346
412;209.2330360852931;163.0637933799702
413;90.52963620858068;164.06147779283208
414;233.4892672215982;166.6732553597568
415;268.5296951757468;169.64589716833805
416;-4.295437774972231;169.1715225062758
417;152.8520230316482;168.11385663409266
418;212.8986080938442;168.22088669891775
419;197.33455440703233;171.14116132143477
420;24.43187733040088;171.41153834800397
421;260.7865482410666;171.5064390777878
422;254.72284786446087;174.6665105149258
423;228.8104577111207;174.34883601649645
424;233.3049512608244;174.4249127947425
425;259.0505190505306;176.0318845402867
426;271.740497784579;179.0083861365798
427;270.1670196910056;179.71849648150246
428;312.9695303333219;180.58234118024757
429;313.479584443586;181.50368611223695
430;269.2291209424075;182.69244474082296
431;249.37969506252375;182.62515323064486
432;243.11009004446421;182.5217932258103
433;284.8499026727942;182.95683203817936
434;252.51938575668353;184.28861019334653
435;-126.25060735167371;181.0457192577027
436;248.6876674189035;184.59359638145233
437;63.27284642297573;190.45896143359758
438;280.24856890940407;190.1904039123727
439;45.11149660607552;187.95663169918788
440;281.87286812965647;188.00816483401567
441;247.04132238629572;187.74660643121956
442;259.78213613094385;187.69113451644674
443;261.2006215240705;187.80176702031997
444;31.10319170234186;188.9153336821546
445;30.448434130952194;186.95704005918833
446;317.95528962551566;187.36059200675805
447;54.78176855582191;185.61921967998023
448;258.77779059744546;185.2218263410635
449;54.86167952303421;185.84242150319287
450;134.0813270684098;185.18630845145424
451;-9.918558737304004;182.4016753217399
452;264.74960006824466;184.36659428364547
453;261.3445403301017;184.4693257860649
454;25.999343461767808;181.77840182597515
455;253.85864673088335;181.36595568071905
456;222.18690398448913;181.09587800965517
457;276.65227798159816;180.8580517103631
458;288.19426153864663;181.35038577468356
459;250.58300114599615;181.0284061422783
460;261.57053021748146;181.1963933341974
461;288.5637536058041;181.57613329865316
462;265.8731826086174;183.64627144146084
463;306.0381036543365;184.46685437702416
464;261.524063972971;186.93390677074757
465;-65.82866375449078;183.54234617072999
466;-81.30976210430924;179.83922166949262
467;245.09809196208317;180.6965961909556
468;-57.372842975004744;178.4256345820412
469;245.07372962057852;181.2803069317386
470;23.435868310184944;178.79221705329482
471;282.5778991358874;179.1377437214392
472;254.77429061230487;179.13442786908507
473;249.00091378598924;179.20958668945204
474;271.22940427114736;179.78291421846848
475;284.49527791147256;183.5447651360013
476;178.83887664556852;183.19190887951902
477;308.86567980124505;184.60075761432364
478;237.09624839145508;187.32747065127734
479;240.5637653852887;187.33210014969774
480;239.2355280195981;187.17272268107104
481;154.75025376557429;185.88463271737194
482;292.84650933935495;190.0087629447337
483;-4.080879057445145;187.60026147364064
484;268.4701751193145;187.3867866913453
485;59.898208750545024;185.08594698682387
486;237.85888908781433;184.74473043681087
487;78.98826857252223;182.67886777687832
488;261.8402754762857;184.8362142424448
489;262.5268364712325;189.77030716738045
490;71.78219925810981;187.67159370343677
491;260.2253513498674;190.0317584662597
492;240.18492751963336;192.4991792539916
493;260.28501331452907;197.39077254844702
494;6.420034683715798;194.87500743649724
495;18.987401197869133;193.155296513264
496;256.79176174479625;196.008398898673
497;278.4020275579886;195.92720617736342
498;288.02980369821;197.8638846828921
499;232.011155009296;197.89557062280838
500;-171.83551357126228;193.6396308404314
501;241.6910477320426;193.39337367915294
502;242.46158265375166;194.69157716397203
503;251.3364212784468;194.5646483601191
504;263.1565311699462;194.36588154398206
505;176.87863694907801;193.79809724886385
506;276.15645225069295;195.0185519467515
507;233.22778164146573;195.45735161692366
508;248.68494908932928;195.2288020822051
509;262.8535628277982;196.44741394812806
510;219.75768151163487;196.33759867182755
511;214.05966949127526;195.89740783484754
512;225.68231413969636;196.06190061539158
513;263.54334986809954;197.79203775198678
514;266.18541680219187;198.11899924779277
515;227.27825807153658;197.70648487675066
516;264.79305675359916;200.39736982203635
517;227.99140870386415;201.1487636787585
518;257.5669074281439;201.5954466721015
519;224.9284178084588;201.8713853061158
520;236.40202683056637;203.9910868011174
521;269.0178881422786;204.07340020012958
522;244.81832228047097;203.97435494428967
523;250.39564527937532;204.19020681997227
524;276.72308016192864;204.62438810898328
525;268.3358365304426;204.7172412837824
526;234.18572662776785;204.34169357221427
527;287.9802500440017;204.51982587574423
528;290.3804073481852;204.29393464589288
529;68.17190998595427;201.84085790131655
530;42.09498959392846;199.5695165878318
531;293.1587897963136;200.00730753516967
532;-24.71832913149663;197.32902334341006
533;170.727110655531;196.18779542323745
534;253.04399880075772;196.19304155367817
535;161.3464948888398;199.06901257608325
536;202.7019973239171;198.6091558751334
537;52.77513325545081;198.50417874345817
538;282.12054734934816;198.52289852785762
539;-372.244491526311;194.34933864653374
540;-65.99425770507084;190.87066738818646
541;-110.1905916092178;187.2983482482313
542;-220.8179587853486;182.49234729906843
543;-120.36242025980317;178.67671688122965
544;-87.31410987739834;177.49254386543228
545;-200.90410844879455;175.17901843963477
546;-70.3285255068299;171.29618028831135
547;213.64716501841127;172.88483425293722
548;128.74600132927904;171.58451636025558
549;234.87514529716162;173.38465101799687
550;256.6582736884784;174.61042048419753
551;46.968526115777664;175.17929133272838
552;210.86659061827265;174.64046123822862
553;172.4177863283917;173.75119369821152
554;190.71938938144598;175.39839415740832
555;232.37506286423306;175.1835583187418
556;254.65203123275353;175.50820959122444
557;272.13601153104173;175.46304692671893
558;154.64771599332025;174.12758147126561
559;215.95499393088025;173.78130139911448
560;134.73713475374524;172.5129674444771
561;260.6869120444543;172.23419902886363
562;265.2336413610045;172.22780361638746
563;217.2845863388538;171.34026844323265
564;263.73521217334746;171.36237992523638
565;297.2027971173317;174.99269453395456
566;226.2079128448165;178.06787128344587
567;281.1136340381732;178.42802670420681
568;228.33177732438827;181.28507290720074
569;239.3735005930977;181.22807061692592
570;264.82418962879626;183.64195383011204
571;281.89825955503716;183.63515743430352
572;15.65379114603428;181.2439524396408
573;272.9437645235464;181.48338094701634
574;246.31517829987794;181.23423868730367
575;306.36986870692283;181.45298459525816
576;281.1603939818784;182.4761997686213
577;253.57539579725818;181.92329692858146
578;167.1002319690764;181.22333676435767
579;284.5807218909751;181.66350632941456
580;246.83176071440275;181.73946865636256
581;238.33907342697145;182.57535685297654
582;289.10653505322455;182.53795711011523
583;226.1337303908602;184.84010320459828
584;261.2525346762334;184.76792680016743
585;284.0198247774041;187.00914296043604
586;287.71986427143054;187.50775271227224
587;283.1535156965933;189.54940518351293
588;267.9281622459382;189.61028405120945
589;286.37737190735356;189.84878940557073
590;250.9293375179976;191.64026078816963
591;245.93946488508726;191.4974019235218
592;241.3476567786567;191.509029216112
593;48.71022463980586;189.39328132936475
594;11.000556246877153;189.43908654499634
595;-13.228240741650751;189.1169301256012
596;47.02685952144975;187.01928110336772
597;229.60404916675614;186.53130131945537
598;71.05428851212862;184.36154616759458
599;-116.39410422723448;180.87749357522924
600;208.90045055074756;184.68485321644934
601;258.3740691522124;184.85168343065106
602;234.68389792154375;184.77390658332897
603;277.2965828600319;185.0335081991448
604;248.0726870755496;184.88266975820082
605;222.04021490608238;185.33428553777088
606;238.2337665589815;184.95505868085377
607;180.19942649914447;184.42477512943057
608;253.43882789017465;184.472313917439
609;188.4770994017433;183.72854928317847
610;256.24011572893085;184.09337362535146
611;279.7122023368054;184.74989895380673
612;282.76676711772484;185.32074348358708
613;249.81175188066868;185.18342750371278
614;96.65250112295993;183.48809834692045
615;277.55204196328066;183.99083618583782
616;264.8505125398061;183.99141074369996
617;300.3101480230657;184.71459813689194
618;241.43587843376477;184.55328784694814
619;282.8493616727311;185.13249728559086
620;231.04623362633;185.0789393535485
621;-11.11544602680779;182.2776060118576
622;145.7258477216894;181.28668126626985
623;248.50857278803167;181.26781054135637
624;254.88861259259775;181.04946586566305
625;231.79824964223738;180.684089996781
626;263.6116503758093;180.97834923426143
627;284.62826688860605;180.94482940270748
628;260.0372402010926;180.6413977312365
629;272.0995023333597;182.68067365471063
630;250.30355457536132;184.7627593045249
631;260.52248812270386;184.43639628778885
632;294.90973516435656;187.6326769307474
633;251.10574766997857;188.4364633008919
634;274.1068942228293;188.6470922551126
635;243.64226162141142;189.4700499224383
636;250.3626070302442;189.94665601950157
637;290.0846040762053;192.3197507277091
638;241.4212943864261;191.91275819807987
639;237.0621388632349;198.00582450197533
640;245.68352752673556;201.12260235429338
641;286.78181627785705;205.09232643316417
642;255.86730469303717;209.85917906794802
643;277.6379820906402;213.83918309145247
644;241.50542965478408;217.12737848677426
645;269.525485856263;221.83167442982486
646;237.3315169165615;224.90827485405876
647;298.58333980835647;225.75763660195818
648;272.66424674489815;227.1968190561144
649;265.26372646426347;227.50070486778543
650;279.75550698541787;227.73167720075483
651;277.84179742492233;230.04040991384625
652;264.4821905995515;230.57656591365904
653;288.15953239430866;231.7339833743182
654;270.9148763294592;232.53593824379837
655;306.16261364127405;233.27381375156875
656;212.2131567252972;232.84942500649422
657;204.3155608861731;232.17122050004554
658;247.8186934400568;233.10293027451291
659;257.8042630760988;233.52142296596512
660;182.6095699538115;234.00014731796574
661;247.7822735695106;233.87110093321633
662;232.61980183966227;233.54496253800284
663;223.26702224413663;233.6047868970557
664;274.6933400287381;233.7143681756096
665;269.7884932239348;233.44022513667562
666;299.89270606063576;234.1770730688338
667;306.590461847733;234.43184134692945
668;275.9627247683238;234.9081508213688
669;290.3281129598195;235.41769694503597
670;271.44381337762405;235.48389318252427
671;266.86679759205714;235.33357856289447
672;232.00112137347944;237.4970518651689
673;264.920943465666;237.41682365459008
674;227.4962469348001;237.22863434093932
675;222.1342383704775;236.38627803757484
676;247.82938421492625;236.05296793990527
677;185.46086294370429;235.37182261136977
678;50.33515821801191;234.20417187385908
679;224.96497493801914;233.60801440432954
680;252.05777084687293;233.66027450565431
681;124.54110203067411;232.5222947916913
682;285.72151283894095;232.48844456954848
683;260.2635838404134;232.82974310404404
684;36.14053598639978;230.5786231171457
685;252.66910407023417;230.26511591007403
686;241.39469821704998;229.80186424953018
687;220.2548804359667;229.1728778969239
688;133.1357813144988;227.8249540876095
689;240.96930467714063;227.3708734153074
690;259.7385305188534;227.45896534531596
691;258.85770443548085;227.58814774081992
692;239.23182949959997;227.56698946802936
693;262.4769666634214;229.7046568882655
694;253.3270622791149;232.12792194858787
695;283.22749313066527;235.092479287311
696;264.6867211947683;237.26907790404414
697;276.9866134870597;237.74290354724724
698;239.89934137038463;239.4313540758298
699;55.9592702611194;241.15488782071333
700;277.69595653647633;241.8428428805706
701;275.84383634541496;242.01754055250265
702;285.1366337888587;242.5220679111758
703;163.13303308343228;241.38043241340984
704;242.41758668947872;241.3238814095491
705;291.11623316765065;242.01464159216476
706;261.6452472992758;242.24875639956772
707;295.1259222803334;243.39802135737966
708;273.1636927133362;243.59527000561124
709;124.23362210294839;242.9528352326233
710;287.2875640249124;243.2633097155831
711;193.83014189832477;242.40448911119827
712;181.9112477214348;241.39593391723534
713;5.9642353789218845;238.9574587522179
714;206.0025009132238;240.05095875012051
715;262.38745870685386;239.89931291755624
716;210.180651529358;239.35261430745177
717;189.37673052081183;238.24328013242928
718;-17.333716243368457;235.65558418565794
719;-6.967565072893778;232.75741491820173
720;279.3312722841572;233.24026530478
721;251.60000165454554;235.86741978159353
722;233.22461745073565;236.7424074788839
723;243.2989847983316;236.6903115989869
724;279.7758485134284;236.9391839581952
725;281.1433679120173;237.432635140893
726;160.27738984003906;236.39929253553532
727;282.6398853963974;236.37940872061324
728;290.19264741633583;236.68096279276568
729;276.91632821417215;236.72913105157383
730;262.89339323457455;236.85502943816596
731;294.1487606670486;237.1912921636094
732;269.99338443590386;236.94212865632485
733;238.55203227745122;236.8165915023996
734;265.2409994086343;236.7279325542576
735;276.15146124753784;237.0530245505189
736;296.3403847804505;237.51280232802094
737;300.28831608133305;237.61483944807225
738;-17.281021971270135;235.0278162844953
739;265.28972553500455;235.31009215121298
740;271.05238812662725;235.5637807572119
741;162.07580639249284;234.31672065835824
742;290.2805268120426;234.6608528795483
743;231.8803290968465;234.20327634961038
744;28.600214814456308;232.0742242012071
745;278.5209007525267;232.16417835016975
746;277.09479220103947;232.56181110301455
747;272.3716159383712;232.2996938643147
748;245.5877181824947;232.02892857869065
749;247.8076272383365;231.85436758643132
750;258.1215824295643;231.63802834087284
751;252.6112311590118;231.3857226782137
752;230.08744368798952;231.04177520909812
753;263.7923265354593;230.79810315050963
754;285.99774682854684;230.9489318555005
755;277.1946673187979;230.65925239227573
756;270.7632248331591;231.24475307335433
757;256.15603005715883;231.7631577650642
758;275.7837852819806;232.04280868348346
759;245.60022525279845;231.92076830525042
760;240.46031571390358;232.4992757628513
761;272.5288964464197;232.74674199162044
762;250.6363644655505;232.92690761787932
763;206.08796212737928;232.75511701671175
764;256.12732753527285;232.5694568917771
765;260.5343102666081;232.47691506220383
766;282.23611821095454;232.30034918370703
767;265.75692137950705;231.89201377902478
768;232.7681054922141;231.46006758626368
769;258.94267383717863;231.14621319503726
770;268.6420235837136;231.11819529709817
771;291.82020420667556;231.3677293632444
772;274.8453604270778;231.79617175378033
773;274.82916204327336;231.89525393955643
774;277.42118121151725;232.39450328232357
775;267.7548380977733;232.85070927959657
776;270.8299180647764;233.08071461809504
777;251.8024867113499;233.74413085577154
778;232.21722285858556;235.56295150217724
779;232.61676826024188;235.63946943539943
780;256.95780260343344;235.68846975296503
781;275.865818526589;237.20171691792422
782;264.9371328105985;236.9938731176408
783;-167.7232655933942;232.71400462330269
784;273.0437402039708;235.08303666547843
785;-222.04240475707635;230.3359215772053
786;-258.28221006812123;225.33915249435358
787;258.5913347296365;225.72251703729026
788;282.453677483545;227.21569599898075
789;273.5345656938264;227.54134860914758
790;259.82756082948356;227.54223891225388
791;259.17796899420995;227.54544155784114
792;256.9736657329269;227.72285992017444
793;284.6271705186491;227.9443619587267
794;277.1156006403662;228.18224734233922
795;257.5600657622617;227.92557306865518
796;250.02699638484728;227.77897582055596
797;269.75332672921854;227.7066429529776
798;253.80563964303755;227.84570593570413
799;260.5184636204119;229.89129786929706
800;274.3101414501414;229.85743971843368
801;252.08177661671834;229.61981912114672
802;246.83281385726536;229.23678092183076
803;262.97277186154156;230.23517830961188
804;265.27531061089394;230.46375554882607
805;246.76239492101192;230.02021716635966
806;49.037893379545494;227.89414362716235
807;274.3435423703056;227.68631982806204
808;282.9487371697791;227.78417027262648
809;232.20834031637602;228.86391745476075
810;241.20865310810427;228.40312834559268
811;252.8997724976161;228.9938246515856
812;274.9298978655943;229.92401115302718
813;247.37419091538402;232.3381107083918
814;280.0271204046788;233.07835690330634
815;241.42326503703137;232.86871496660817
816;273.732326064743;233.504231711962
817;284.31082752208107;234.45357268197472
818;290.08821403278665;237.52779198473624
819;259.60800956389494;240.19354773110408
820;273.0797500214368;240.1310325084769
821;263.12500211072427;240.24628251303866
822;255.25183753280857;240.4665547138594
823;295.3408202505558;240.98697306838167
824;263.36114680983746;240.8228260513458
825;262.47748087797953;240.63616718100545
826;247.64202972481084;241.5098135798532
827;278.49651946940116;241.4683799205832
828;61.371498642196315;239.1801684328418
829;287.1505755753476;239.2825109064535
830;242.1634009150756;239.07521098325856
831;259.24366504453917;238.72616002703347
832;257.3856591192131;238.60008277386652
833;305.2301378589127;239.26686382968117
834;278.3390578797646;239.3978444143925
835;275.43691800318294;239.39069898194896
836;265.24193285711783;239.07971446271563
837;264.46764282790275;238.72150773018132
838;272.0697584704443;241.61501553459843
839;229.27444340041637;241.25486271325255
840;284.08815949910263;241.38522042697733
841;270.762486783858;242.47208723089096
842;47.19971256525807;240.04127908842315
843;262.2694922009021;240.3451707194637
844;275.1401339113076;242.81056991043218
845;280.4945714639943;242.83030661754688
846;253.3132746889274;242.59249144242574
847;261.74526980246696;242.48622798106672
848;297.1206882079574;243.00155768132132
849;43.907046054948125;240.96255186948747
850;271.58364345659834;241.0971724797578
851;249.15293459752232;241.06258951414284
852;246.27360310012122;241.2244511082642
853;263.97617314509625;241.2262895743606
854;261.77196567908027;240.98403176286592
855;261.5859271655431;240.82794436133335
856;249.65556407070721;240.61686775370882
857;291.40484948476336;240.96935594798492
858;260.956777329901;240.82108586846414
859;256.6019260628231;240.93110287656435
860;274.40997848729035;241.2705995042982
861;275.3593945701103;241.2989044855351
862;291.8133926180087;241.7106747670597
863;282.6784044668212;242.47657919045406
864;305.20856487729844;242.96739156387437
865;270.7904090545976;243.06995255175426
866;305.2774626785721;243.3003659964304
867;286.1629846291104;243.5044266289265
868;289.84264442675124;244.07517201827184
869;297.2587968599403;244.45833324849949
870;257.717628735674;244.34908930001905
871;266.0842611994521;244.09172986994682
872;283.59116883513474;244.1791879540274
873;251.3131557076436;243.9440278906711
874;300.2606240214708;244.17242231877063
875;274.0350909478873;244.23522484727178
876;271.79683903164727;244.24489405694047
877;263.50440577735424;244.36191324760048
878;248.4780860436775;244.52452187945147
879;293.3901240763889;245.13225543761288
880;268.49754194794076;245.247652831058
881;267.71374446316224;245.16613209042373
882;307.91396076220434;245.59590036993984
883;244.7709397046955;249.72084242292073
884;251.26843825466813;249.50308940342768
885;279.7344358839009;254.52085780983748
886;273.34636326608256;259.8371435431795
887;165.5392424464754;258.9066226203479
888;251.5594549360192;258.5976803948726
889;278.2873082989519;258.6452078209239
890;274.3481621381502;258.7904138340105
891;268.32991753460726;258.8819333194145
892;255.35553617472013;258.86575202383244
893;307.022248797142;259.08970280661737
894;263.5331761166352;258.95387856138
895;263.0045669942368;259.0083235736997
896;277.4341675244187;259.2823952850955
897;223.14448506965766;258.8163068684999
898;263.10223593646106;258.9092728314341
899;250.8065541318206;258.8121537365482
900;287.38967142305114;258.9429490362773
901;255.37256091834695;258.9758568792936
902;251.5840237309265;259.02336897803025
903;239.96617990625165;258.7933030584773
904;271.4901267523109;258.85545121989145
905;241.3819385774603;258.80164665645594
906;271.52893630491565;261.02655708570967
907;299.5636581162637;261.2787582431692
908;255.62886408253502;261.00555951229677
909;250.46806420788442;261.1881567512119
910;253.8463365212332;261.3145335853432
911;271.5483864085577;261.5010197244526
912;171.83228660451903;260.47004361184185
913;10.357359086633693;258.0998752935543
914;-40.48520526746162;254.89475203683295
915;28.78004176137739;252.7683198040764
916;3.968516203019888;250.07068170545915
917;251.1648863515623;249.73922229375393
918;272.1876035921915;249.56021618934798
919;288.94823027259275;249.85361839643497
920;244.85779221480084;249.57139881836866
921;229.5158834032227;249.2353076312936
922;272.40190553342154;249.40680831129973
923;267.0119476299411;249.12351958509356
924;273.3207461115163;249.22311557811037
925;249.3725508660339;249.09206627799097
926;258.4084231317523;249.1997302120604
927;212.21452672346044;248.53691028460096
928;285.16066743239776;250.77480197250298
929;274.47029627245905;250.6479991794741
930;291.7535109446264;251.14390027976955
931;249.9217280179794;251.050680909504
932;239.92563484948104;250.87608066680667
933;252.70148052863058;250.35079409350385
934;250.99688387776123;250.07737235348384
935;242.21084955118505;249.7451116689639
936;292.5396511714539;250.01808885210718
937;232.84996420133135;249.7019120658415
938;209.8741074267375;249.07995555540444
939;292.1931669840427;249.70914279124065
940;211.0607506081213;248.97886870233083
941;-3.930761519320825;246.23193621929906
942;262.78350042280204;248.38777409787454
943;261.8696607662103;248.3837757835276
944;285.1481525085551;248.48385596950007
945;248.74789058002682;248.16638916066043
946;281.5456956239556;248.44871337001067
947;279.2098860129728;248.62335953211576
948;291.53511888250307;248.56750383886123
949;-107.4821769844368;247.05361160846735
950;276.1026835343027;247.0988020092444
951;287.34472751347295;247.4807199384039
952;269.6450853572144;247.7144347609748
953;313.676362918235;248.2114366587062
954;263.70124270534507;248.23072942896886
955;296.4834655795787;248.57970481310923
956;249.3913797817591;248.57706297021974
957;299.36306050358394;248.65664508040794
958;272.3787531657944;248.7708648387669
959;260.42835142233344;248.80912909236199
960;-31.501034006553333;245.75001896742356
961;277.494600107797;245.77137102280048
962;268.48240774973567;245.53806117411776
963;232.70820829357623;245.0383592123853
964;249.31820319155122;244.47945559552784
965;277.5922070869981;244.54747357585174
966;309.33395955065737;244.5880385445727
967;274.8573580751883;244.47498227903338
968;307.72141315147223;244.6537699662806
969;275.01138451064037;244.43129584278762
970;304.0764186389697;244.8948837418206
971;-6.3537539593063315;242.17050359023295
972;226.33858046816022;241.59797770656323
973;274.13010134894506;241.82614716297627
974;170.46559190304276;240.52819684179198
975;258.52791785746393;240.37312511088774
976;311.4086667496872;240.76924338806816
977;286.8805767724227;241.0030050980188
978;22.563346509797398;238.74385770268003
979;276.9468759955889;238.57942522187204
980;294.8495082630926;238.84294488502354
981;204.9189749006187;238.2149971893981
982;257.3498449136167;237.70935603091223
983;297.24499119414634;238.23409654580675
984;93.71573692208351;236.6585695324809
985;254.0985330664779;236.40221050430665
986;262.75363725592314;236.29628324420503
987;200.6956048330277;236.64784686807056
988;288.6515752860065;237.01876807157043
989;262.5185887664403;236.86108087624532
990;283.5134348934831;236.9527336037987
991;284.28877840548466;237.11232221250745
992;310.2824291923198;237.66159114268348
993;278.498949855789;237.3763581532699
994;269.7792617048832;237.43881900915238
995;263.8191678592565;237.44696501780257
996;315.1639699583218;237.82426304214158
997;257.70617104713324;238.16987990191632
998;266.10943827468066;238.1999519252985
999;271.66027837627735;238.4084891677431
1000;270.57086240963696;238.24030107760896
